Flow report for MUX_4_1
Sat May 05 13:12:59 2018
Quartus II Version 9.1 Build 350 03/24/2010 Service Pack 2 SJ Web Edition


---------------------
; Table of Contents ;
---------------------
  1. Legal Notice
  2. Flow Summary
  3. Flow Settings
  4. Flow Non-Default Global Settings
  5. Flow Elapsed Time
  6. Flow OS Summary
  7. Flow Log



----------------
; Legal Notice ;
----------------
Copyright (C) 1991-2010 Altera Corporation
Your use of Altera Corporation's design tools, logic functions 
and other software and tools, and its AMPP partner logic 
functions, and any output files from any of the foregoing 
(including device programming or simulation files), and any 
associated documentation or information are expressly subject 
to the terms and conditions of the Altera Program License 
Subscription Agreement, Altera MegaCore Function License 
Agreement, or other applicable license agreement, including, 
without limitation, that your use is for the sole purpose of 
programming logic devices manufactured by Altera and sold by 
Altera or its authorized distributors.  Please refer to the 
applicable agreement for further details.



+-----------------------------------------------------------------------------------+
; Flow Summary                                                                      ;
+------------------------------------+----------------------------------------------+
; Flow Status                        ; Successful - Sat May 05 13:12:59 2018        ;
; Quartus II Version                 ; 9.1 Build 350 03/24/2010 SP 2 SJ Web Edition ;
; Revision Name                      ; MUX_4_1                                      ;
; Top-level Entity Name              ; MUX_16_1                                     ;
; Family                             ; Cyclone II                                   ;
; Device                             ; EP2C35F672C6                                 ;
; Timing Models                      ; Final                                        ;
; Met timing requirements            ; Yes                                          ;
; Total logic elements               ; 13 / 33,216 ( < 1 % )                        ;
;     Total combinational functions  ; 13 / 33,216 ( < 1 % )                        ;
;     Dedicated logic registers      ; 0 / 33,216 ( 0 % )                           ;
; Total registers                    ; 0                                            ;
; Total pins                         ; 21 / 475 ( 4 % )                             ;
; Total virtual pins                 ; 0                                            ;
; Total memory bits                  ; 0 / 483,840 ( 0 % )                          ;
; Embedded Multiplier 9-bit elements ; 0 / 70 ( 0 % )                               ;
; Total PLLs                         ; 0 / 4 ( 0 % )                                ;
+------------------------------------+----------------------------------------------+


+-----------------------------------------+
; Flow Settings                           ;
+-------------------+---------------------+
; Option            ; Setting             ;
+-------------------+---------------------+
; Start date & time ; 05/05/2018 13:12:27 ;
; Main task         ; Compilation         ;
; Revision Name     ; MUX_4_1             ;
+-------------------+---------------------+


+-----------------------------------------------------------------------------------------------------------------------------------------------------------+
; Flow Non-Default Global Settings                                                                                                                          ;
+------------------------------------+-----------------------------------------------------------------------+---------------+-------------+----------------+
; Assignment Name                    ; Value                                                                 ; Default Value ; Entity Name ; Section Id     ;
+------------------------------------+-----------------------------------------------------------------------+---------------+-------------+----------------+
; COMPILER_SIGNATURE_ID              ; 82335678506541.152551514705784                                        ; --            ; --          ; --             ;
; MAX_CORE_JUNCTION_TEMP             ; 85                                                                    ; --            ; --          ; --             ;
; MIN_CORE_JUNCTION_TEMP             ; 0                                                                     ; --            ; --          ; --             ;
; MISC_FILE                          ; E:/Ηλεκτρονική και Τηλεπικοινωνίες/Digital Design II/Lab4/MUX_4_1.dpf ; --            ; --          ; --             ;
; PARTITION_COLOR                    ; 16764057                                                              ; --            ; MUX_16_1    ; Top            ;
; PARTITION_NETLIST_TYPE             ; SOURCE                                                                ; --            ; MUX_16_1    ; Top            ;
; TOP_LEVEL_ENTITY                   ; MUX_16_1                                                              ; MUX_4_1       ; --          ; --             ;
; USE_GENERATED_PHYSICAL_CONSTRAINTS ; Off                                                                   ; --            ; --          ; eda_blast_fpga ;
+------------------------------------+-----------------------------------------------------------------------+---------------+-------------+----------------+


+-----------------------------------------------------------------------------------------------------------------------------+
; Flow Elapsed Time                                                                                                           ;
+-------------------------+--------------+-------------------------+---------------------+------------------------------------+
; Module Name             ; Elapsed Time ; Average Processors Used ; Peak Virtual Memory ; Total CPU Time (on all processors) ;
+-------------------------+--------------+-------------------------+---------------------+------------------------------------+
; Analysis & Synthesis    ; 00:00:08     ; 1.0                     ; 235 MB              ; 00:00:09                           ;
; Fitter                  ; 00:00:14     ; 1.0                     ; 263 MB              ; 00:00:17                           ;
; Assembler               ; 00:00:05     ; 1.0                     ; 248 MB              ; 00:00:05                           ;
; Classic Timing Analyzer ; 00:00:00     ; 1.0                     ; 153 MB              ; 00:00:01                           ;
; Total                   ; 00:00:27     ; --                      ; --                  ; 00:00:32                           ;
+-------------------------+--------------+-------------------------+---------------------+------------------------------------+


+------------------------------------------------------------------------------------------+
; Flow OS Summary                                                                          ;
+-------------------------+------------------+---------------+------------+----------------+
; Module Name             ; Machine Hostname ; OS Name       ; OS Version ; Processor type ;
+-------------------------+------------------+---------------+------------+----------------+
; Analysis & Synthesis    ; Geo              ; Windows Vista ; 6.2        ; x86_64         ;
; Fitter                  ; Geo              ; Windows Vista ; 6.2        ; x86_64         ;
; Assembler               ; Geo              ; Windows Vista ; 6.2        ; x86_64         ;
; Classic Timing Analyzer ; Geo              ; Windows Vista ; 6.2        ; x86_64         ;
+-------------------------+------------------+---------------+------------+----------------+


------------
; Flow Log ;
------------
quartus_map --read_settings_files=on --write_settings_files=off MUX_4_1 -c MUX_4_1
quartus_fit --read_settings_files=off --write_settings_files=off MUX_4_1 -c MUX_4_1
quartus_asm --read_settings_files=off --write_settings_files=off MUX_4_1 -c MUX_4_1
quartus_tan --read_settings_files=off --write_settings_files=off MUX_4_1 -c MUX_4_1 --timing_analysis_only



