Flow report for Reg8bit
Sat May 12 20:07:14 2018
Quartus II Version 9.1 Build 350 03/24/2010 Service Pack 2 SJ Web Edition


---------------------
; Table of Contents ;
---------------------
  1. Legal Notice
  2. Flow Summary
  3. Flow Settings
  4. Flow Non-Default Global Settings
  5. Flow Elapsed Time
  6. Flow OS Summary
  7. Flow Log



----------------
; Legal Notice ;
----------------
Copyright (C) 1991-2010 Altera Corporation
Your use of Altera Corporation's design tools, logic functions 
and other software and tools, and its AMPP partner logic 
functions, and any output files from any of the foregoing 
(including device programming or simulation files), and any 
associated documentation or information are expressly subject 
to the terms and conditions of the Altera Program License 
Subscription Agreement, Altera MegaCore Function License 
Agreement, or other applicable license agreement, including, 
without limitation, that your use is for the sole purpose of 
programming logic devices manufactured by Altera and sold by 
Altera or its authorized distributors.  Please refer to the 
applicable agreement for further details.



+-----------------------------------------------------------------------------------+
; Flow Summary                                                                      ;
+------------------------------------+----------------------------------------------+
; Flow Status                        ; Successful - Sat May 12 20:07:14 2018        ;
; Quartus II Version                 ; 9.1 Build 350 03/24/2010 SP 2 SJ Web Edition ;
; Revision Name                      ; Reg8bit                                      ;
; Top-level Entity Name              ; Reg_8bit                                     ;
; Family                             ; Cyclone II                                   ;
; Device                             ; EP2C35F672C6                                 ;
; Timing Models                      ; Final                                        ;
; Met timing requirements            ; Yes                                          ;
; Total logic elements               ; 127 / 33,216 ( < 1 % )                       ;
;     Total combinational functions  ; 127 / 33,216 ( < 1 % )                       ;
;     Dedicated logic registers      ; 68 / 33,216 ( < 1 % )                        ;
; Total registers                    ; 68                                           ;
; Total pins                         ; 33 / 475 ( 7 % )                             ;
; Total virtual pins                 ; 0                                            ;
; Total memory bits                  ; 256 / 483,840 ( < 1 % )                      ;
; Embedded Multiplier 9-bit elements ; 0 / 70 ( 0 % )                               ;
; Total PLLs                         ; 0 / 4 ( 0 % )                                ;
+------------------------------------+----------------------------------------------+


+-----------------------------------------+
; Flow Settings                           ;
+-------------------+---------------------+
; Option            ; Setting             ;
+-------------------+---------------------+
; Start date & time ; 05/12/2018 20:06:44 ;
; Main task         ; Compilation         ;
; Revision Name     ; Reg8bit             ;
+-------------------+---------------------+


+--------------------------------------------------------------------------------------------------------------------------------------------------------------------+
; Flow Non-Default Global Settings                                                                                                                                   ;
+------------------------------------+--------------------------------------------------------------------------------+---------------+-------------+----------------+
; Assignment Name                    ; Value                                                                          ; Default Value ; Entity Name ; Section Id     ;
+------------------------------------+--------------------------------------------------------------------------------+---------------+-------------+----------------+
; COMPILER_SIGNATURE_ID              ; 82335678506541.152614480304804                                                 ; --            ; --          ; --             ;
; MAX_CORE_JUNCTION_TEMP             ; 85                                                                             ; --            ; --          ; --             ;
; MIN_CORE_JUNCTION_TEMP             ; 0                                                                              ; --            ; --          ; --             ;
; MISC_FILE                          ; E:/Ηλεκτρονική και Τηλεπικοινωνίες/Digital Design II/Lab4/Register/Reg8bit.dpf ; --            ; --          ; --             ;
; PARTITION_COLOR                    ; 16764057                                                                       ; --            ; Reg_8bit    ; Top            ;
; PARTITION_NETLIST_TYPE             ; SOURCE                                                                         ; --            ; Reg_8bit    ; Top            ;
; SEARCH_PATH                        ; c:/altera/91sp2/corelibrary                                                    ; --            ; --          ; --             ;
; TOP_LEVEL_ENTITY                   ; Reg_8bit                                                                       ; Reg8bit       ; --          ; --             ;
; USE_GENERATED_PHYSICAL_CONSTRAINTS ; Off                                                                            ; --            ; --          ; eda_blast_fpga ;
+------------------------------------+--------------------------------------------------------------------------------+---------------+-------------+----------------+


+-----------------------------------------------------------------------------------------------------------------------------+
; Flow Elapsed Time                                                                                                           ;
+-------------------------+--------------+-------------------------+---------------------+------------------------------------+
; Module Name             ; Elapsed Time ; Average Processors Used ; Peak Virtual Memory ; Total CPU Time (on all processors) ;
+-------------------------+--------------+-------------------------+---------------------+------------------------------------+
; Analysis & Synthesis    ; 00:00:05     ; 1.0                     ; 243 MB              ; 00:00:06                           ;
; Fitter                  ; 00:00:14     ; 1.0                     ; 264 MB              ; 00:00:16                           ;
; Assembler               ; 00:00:06     ; 1.0                     ; 249 MB              ; 00:00:05                           ;
; Classic Timing Analyzer ; 00:00:01     ; 1.0                     ; 154 MB              ; 00:00:01                           ;
; Total                   ; 00:00:26     ; --                      ; --                  ; 00:00:28                           ;
+-------------------------+--------------+-------------------------+---------------------+------------------------------------+


+------------------------------------------------------------------------------------------+
; Flow OS Summary                                                                          ;
+-------------------------+------------------+---------------+------------+----------------+
; Module Name             ; Machine Hostname ; OS Name       ; OS Version ; Processor type ;
+-------------------------+------------------+---------------+------------+----------------+
; Analysis & Synthesis    ; Geo              ; Windows Vista ; 6.2        ; x86_64         ;
; Fitter                  ; Geo              ; Windows Vista ; 6.2        ; x86_64         ;
; Assembler               ; Geo              ; Windows Vista ; 6.2        ; x86_64         ;
; Classic Timing Analyzer ; Geo              ; Windows Vista ; 6.2        ; x86_64         ;
+-------------------------+------------------+---------------+------------+----------------+


------------
; Flow Log ;
------------
quartus_map --read_settings_files=on --write_settings_files=off Reg8bit -c Reg8bit
quartus_fit --read_settings_files=off --write_settings_files=off Reg8bit -c Reg8bit
quartus_asm --read_settings_files=off --write_settings_files=off Reg8bit -c Reg8bit
quartus_tan --read_settings_files=off --write_settings_files=off Reg8bit -c Reg8bit --timing_analysis_only



