Analysis & Synthesis report for Multiplier
Mon May 21 17:01:00 2018
Quartus II Version 9.1 Build 350 03/24/2010 Service Pack 2 SJ Web Edition


---------------------
; Table of Contents ;
---------------------
  1. Legal Notice
  2. Analysis & Synthesis Summary
  3. Analysis & Synthesis Settings
  4. Parallel Compilation
  5. Analysis & Synthesis Source Files Read
  6. Analysis & Synthesis Resource Usage Summary
  7. Analysis & Synthesis Resource Utilization by Entity
  8. Analysis & Synthesis RAM Summary
  9. State Machine - |MULT212251543|MULT:inst|CtrlLogic:inst6|state
 10. State Machine - |MULT212251543|newlcd:inst1|LCD_Display:inst|next_command
 11. State Machine - |MULT212251543|newlcd:inst1|LCD_Display:inst|state
 12. Registers Removed During Synthesis
 13. General Register Statistics
 14. Inverted Register Statistics
 15. Multiplexer Restructuring Statistics (Restructuring Performed)
 16. Source assignments for NewLCD:inst1|lpm_rom0:inst1|altsyncram:altsyncram_component|altsyncram_7f71:auto_generated
 17. Parameter Settings for User Entity Instance: NewLCD:inst1|LCD_Display:inst
 18. Parameter Settings for User Entity Instance: NewLCD:inst1|lpm_rom0:inst1|altsyncram:altsyncram_component
 19. Parameter Settings for User Entity Instance: MULT:inst|Reg:inst
 20. Parameter Settings for User Entity Instance: MULT:inst|CtrlLogic:inst6
 21. Parameter Settings for User Entity Instance: MULT:inst|Reg:inst2
 22. Parameter Settings for User Entity Instance: MULT:inst|Reg:inst3
 23. Parameter Settings for User Entity Instance: MULT:inst|Adder:inst5
 24. Parameter Settings for User Entity Instance: MULT:inst|Reg:inst1
 25. Parameter Settings for User Entity Instance: MULT:inst|Reg:inst4
 26. altsyncram Parameter Settings by Entity Instance
 27. Analysis & Synthesis Messages



----------------
; Legal Notice ;
----------------
Copyright (C) 1991-2010 Altera Corporation
Your use of Altera Corporation's design tools, logic functions 
and other software and tools, and its AMPP partner logic 
functions, and any output files from any of the foregoing 
(including device programming or simulation files), and any 
associated documentation or information are expressly subject 
to the terms and conditions of the Altera Program License 
Subscription Agreement, Altera MegaCore Function License 
Agreement, or other applicable license agreement, including, 
without limitation, that your use is for the sole purpose of 
programming logic devices manufactured by Altera and sold by 
Altera or its authorized distributors.  Please refer to the 
applicable agreement for further details.



+-----------------------------------------------------------------------------------+
; Analysis & Synthesis Summary                                                      ;
+------------------------------------+----------------------------------------------+
; Analysis & Synthesis Status        ; Successful - Mon May 21 17:01:00 2018        ;
; Quartus II Version                 ; 9.1 Build 350 03/24/2010 SP 2 SJ Web Edition ;
; Revision Name                      ; Multiplier                                   ;
; Top-level Entity Name              ; MULT212251543                                ;
; Family                             ; Cyclone II                                   ;
; Total logic elements               ; 160                                          ;
;     Total combinational functions  ; 145                                          ;
;     Dedicated logic registers      ; 85                                           ;
; Total registers                    ; 85                                           ;
; Total pins                         ; 21                                           ;
; Total virtual pins                 ; 0                                            ;
; Total memory bits                  ; 256                                          ;
; Embedded Multiplier 9-bit elements ; 0                                            ;
; Total PLLs                         ; 0                                            ;
+------------------------------------+----------------------------------------------+


+----------------------------------------------------------------------------------------------------------------------+
; Analysis & Synthesis Settings                                                                                        ;
+----------------------------------------------------------------------------+--------------------+--------------------+
; Option                                                                     ; Setting            ; Default Value      ;
+----------------------------------------------------------------------------+--------------------+--------------------+
; Device                                                                     ; EP2C35F672C6       ;                    ;
; Top-level entity name                                                      ; MULT212251543      ; Multiplier         ;
; Family name                                                                ; Cyclone II         ; Stratix II         ;
; Use Generated Physical Constraints File                                    ; Off                ;                    ;
; Use smart compilation                                                      ; Off                ; Off                ;
; Enable parallel Assembler and TimeQuest Timing Analyzer during compilation ; On                 ; On                 ;
; Enable compact report table                                                ; Off                ; Off                ;
; Restructure Multiplexers                                                   ; Auto               ; Auto               ;
; Create Debugging Nodes for IP Cores                                        ; Off                ; Off                ;
; Preserve fewer node names                                                  ; On                 ; On                 ;
; Disable OpenCore Plus hardware evaluation                                  ; Off                ; Off                ;
; Verilog Version                                                            ; Verilog_2001       ; Verilog_2001       ;
; VHDL Version                                                               ; VHDL_1993          ; VHDL_1993          ;
; State Machine Processing                                                   ; Auto               ; Auto               ;
; Safe State Machine                                                         ; Off                ; Off                ;
; Extract Verilog State Machines                                             ; On                 ; On                 ;
; Extract VHDL State Machines                                                ; On                 ; On                 ;
; Ignore Verilog initial constructs                                          ; Off                ; Off                ;
; Iteration limit for constant Verilog loops                                 ; 5000               ; 5000               ;
; Iteration limit for non-constant Verilog loops                             ; 250                ; 250                ;
; Add Pass-Through Logic to Inferred RAMs                                    ; On                 ; On                 ;
; Parallel Synthesis                                                         ; On                 ; On                 ;
; DSP Block Balancing                                                        ; Auto               ; Auto               ;
; NOT Gate Push-Back                                                         ; On                 ; On                 ;
; Power-Up Don't Care                                                        ; On                 ; On                 ;
; Remove Redundant Logic Cells                                               ; Off                ; Off                ;
; Remove Duplicate Registers                                                 ; On                 ; On                 ;
; Ignore CARRY Buffers                                                       ; Off                ; Off                ;
; Ignore CASCADE Buffers                                                     ; Off                ; Off                ;
; Ignore GLOBAL Buffers                                                      ; Off                ; Off                ;
; Ignore ROW GLOBAL Buffers                                                  ; Off                ; Off                ;
; Ignore LCELL Buffers                                                       ; Off                ; Off                ;
; Ignore SOFT Buffers                                                        ; On                 ; On                 ;
; Limit AHDL Integers to 32 Bits                                             ; Off                ; Off                ;
; Optimization Technique                                                     ; Balanced           ; Balanced           ;
; Carry Chain Length                                                         ; 70                 ; 70                 ;
; Auto Carry Chains                                                          ; On                 ; On                 ;
; Auto Open-Drain Pins                                                       ; On                 ; On                 ;
; Perform WYSIWYG Primitive Resynthesis                                      ; Off                ; Off                ;
; Auto ROM Replacement                                                       ; On                 ; On                 ;
; Auto RAM Replacement                                                       ; On                 ; On                 ;
; Auto Shift Register Replacement                                            ; Auto               ; Auto               ;
; Auto Clock Enable Replacement                                              ; On                 ; On                 ;
; Strict RAM Replacement                                                     ; Off                ; Off                ;
; Allow Synchronous Control Signals                                          ; On                 ; On                 ;
; Force Use of Synchronous Clear Signals                                     ; Off                ; Off                ;
; Auto RAM to Logic Cell Conversion                                          ; Off                ; Off                ;
; Auto Resource Sharing                                                      ; Off                ; Off                ;
; Allow Any RAM Size For Recognition                                         ; Off                ; Off                ;
; Allow Any ROM Size For Recognition                                         ; Off                ; Off                ;
; Allow Any Shift Register Size For Recognition                              ; Off                ; Off                ;
; Use LogicLock Constraints during Resource Balancing                        ; On                 ; On                 ;
; Ignore translate_off and synthesis_off directives                          ; Off                ; Off                ;
; Timing-Driven Synthesis                                                    ; Off                ; Off                ;
; Show Parameter Settings Tables in Synthesis Report                         ; On                 ; On                 ;
; Ignore Maximum Fan-Out Assignments                                         ; Off                ; Off                ;
; Synchronization Register Chain Length                                      ; 2                  ; 2                  ;
; PowerPlay Power Optimization                                               ; Normal compilation ; Normal compilation ;
; HDL message level                                                          ; Level2             ; Level2             ;
; Suppress Register Optimization Related Messages                            ; Off                ; Off                ;
; Number of Removed Registers Reported in Synthesis Report                   ; 5000               ; 5000               ;
; Number of Inverted Registers Reported in Synthesis Report                  ; 100                ; 100                ;
; Clock MUX Protection                                                       ; On                 ; On                 ;
; Auto Gated Clock Conversion                                                ; Off                ; Off                ;
; Block Design Naming                                                        ; Auto               ; Auto               ;
; SDC constraint protection                                                  ; Off                ; Off                ;
; Synthesis Effort                                                           ; Auto               ; Auto               ;
; Shift Register Replacement - Allow Asynchronous Clear Signal               ; On                 ; On                 ;
; Analysis & Synthesis Message Level                                         ; Medium             ; Medium             ;
; Disable Register Merging Across Hierarchies                                ; Auto               ; Auto               ;
; Resource Aware Inference For Block RAM                                     ; On                 ; On                 ;
+----------------------------------------------------------------------------+--------------------+--------------------+


Parallel compilation was disabled, but you have multiple processors available. Enable parallel compilation to reduce compilation time.
+-------------------------------------+
; Parallel Compilation                ;
+----------------------------+--------+
; Processors                 ; Number ;
+----------------------------+--------+
; Number detected on machine ; 2      ;
; Maximum allowed            ; 1      ;
+----------------------------+--------+


+----------------------------------------------------------------------------------------------------------------------------------------------------------------------------------+
; Analysis & Synthesis Source Files Read                                                                                                                                           ;
+----------------------------------+-----------------+------------------------------------------+----------------------------------------------------------------------------------+
; File Name with User-Entered Path ; Used in Netlist ; File Type                                ; File Name with Absolute Path                                                     ;
+----------------------------------+-----------------+------------------------------------------+----------------------------------------------------------------------------------+
; Reg.vhd                          ; yes             ; User VHDL File                           ; E:/Ηλεκτρονική και Τηλεπικοινωνίες/Digital Design II/Lab5/Reg.vhd                ;
; Adder.vhd                        ; yes             ; User VHDL File                           ; E:/Ηλεκτρονική και Τηλεπικοινωνίες/Digital Design II/Lab5/Adder.vhd              ;
; CtrlLogic.vhd                    ; yes             ; User VHDL File                           ; E:/Ηλεκτρονική και Τηλεπικοινωνίες/Digital Design II/Lab5/CtrlLogic.vhd          ;
; ROM.hex                          ; yes             ; User Hexadecimal (Intel-Format) File     ; E:/Ηλεκτρονική και Τηλεπικοινωνίες/Digital Design II/Lab5/ROM.hex                ;
; MULT.bdf                         ; yes             ; User Block Diagram/Schematic File        ; E:/Ηλεκτρονική και Τηλεπικοινωνίες/Digital Design II/Lab5/MULT.bdf               ;
; MULT212251543.bdf                ; yes             ; User Block Diagram/Schematic File        ; E:/Ηλεκτρονική και Τηλεπικοινωνίες/Digital Design II/Lab5/MULT212251543.bdf      ;
; newlcd.bdf                       ; yes             ; Auto-Found Block Diagram/Schematic File  ; c:/altera/91sp2/corelibrary/newlcd.bdf                                           ;
; lcd_display.vhd                  ; yes             ; Auto-Found VHDL File                     ; c:/altera/91sp2/corelibrary/lcd_display.vhd                                      ;
; lpm_rom0.vhd                     ; yes             ; Auto-Found Wizard-Generated File         ; c:/altera/91sp2/corelibrary/lpm_rom0.vhd                                         ;
; altsyncram.tdf                   ; yes             ; Megafunction                             ; c:/altera/91sp2/quartus/libraries/megafunctions/altsyncram.tdf                   ;
; db/altsyncram_7f71.tdf           ; yes             ; Auto-Generated Megafunction              ; E:/Ηλεκτρονική και Τηλεπικοινωνίες/Digital Design II/Lab5/db/altsyncram_7f71.tdf ;
+----------------------------------+-----------------+------------------------------------------+----------------------------------------------------------------------------------+


+-----------------------------------------------------+
; Analysis & Synthesis Resource Usage Summary         ;
+---------------------------------------------+-------+
; Resource                                    ; Usage ;
+---------------------------------------------+-------+
; Estimated Total logic elements              ; 160   ;
;                                             ;       ;
; Total combinational functions               ; 145   ;
; Logic element usage by number of LUT inputs ;       ;
;     -- 4 input functions                    ; 80    ;
;     -- 3 input functions                    ; 20    ;
;     -- <=2 input functions                  ; 45    ;
;                                             ;       ;
; Logic elements by mode                      ;       ;
;     -- normal mode                          ; 118   ;
;     -- arithmetic mode                      ; 27    ;
;                                             ;       ;
; Total registers                             ; 85    ;
;     -- Dedicated logic registers            ; 85    ;
;     -- I/O registers                        ; 0     ;
;                                             ;       ;
; I/O pins                                    ; 21    ;
; Total memory bits                           ; 256   ;
; Maximum fan-out node                        ; RST   ;
; Maximum fan-out                             ; 66    ;
; Total fan-out                               ; 806   ;
; Average fan-out                             ; 3.11  ;
+---------------------------------------------+-------+


+-------------------------------------------------------------------------------------------------------------------------------------------------------------------------------------------------------------------------------------------------------------------------------------+
; Analysis & Synthesis Resource Utilization by Entity                                                                                                                                                                                                                                 ;
+----------------------------------------------+-------------------+--------------+-------------+--------------+---------+-----------+------+--------------+-----------------------------------------------------------------------------------------------------------+--------------+
; Compilation Hierarchy Node                   ; LC Combinationals ; LC Registers ; Memory Bits ; DSP Elements ; DSP 9x9 ; DSP 18x18 ; Pins ; Virtual Pins ; Full Hierarchy Name                                                                                       ; Library Name ;
+----------------------------------------------+-------------------+--------------+-------------+--------------+---------+-----------+------+--------------+-----------------------------------------------------------------------------------------------------------+--------------+
; |MULT212251543                               ; 145 (0)           ; 85 (0)       ; 256         ; 0            ; 0       ; 0         ; 21   ; 0            ; |MULT212251543                                                                                            ; work         ;
;    |MULT:inst|                               ; 29 (0)            ; 25 (0)       ; 0           ; 0            ; 0       ; 0         ; 0    ; 0            ; |MULT212251543|MULT:inst                                                                                  ;              ;
;       |Adder:inst5|                          ; 5 (5)             ; 0 (0)        ; 0           ; 0            ; 0       ; 0         ; 0    ; 0            ; |MULT212251543|MULT:inst|Adder:inst5                                                                      ;              ;
;       |CtrlLogic:inst6|                      ; 17 (17)           ; 8 (8)        ; 0           ; 0            ; 0       ; 0         ; 0    ; 0            ; |MULT212251543|MULT:inst|CtrlLogic:inst6                                                                  ;              ;
;       |Reg:inst1|                            ; 5 (5)             ; 4 (4)        ; 0           ; 0            ; 0       ; 0         ; 0    ; 0            ; |MULT212251543|MULT:inst|Reg:inst1                                                                        ;              ;
;       |Reg:inst2|                            ; 0 (0)             ; 4 (4)        ; 0           ; 0            ; 0       ; 0         ; 0    ; 0            ; |MULT212251543|MULT:inst|Reg:inst2                                                                        ;              ;
;       |Reg:inst3|                            ; 2 (2)             ; 1 (1)        ; 0           ; 0            ; 0       ; 0         ; 0    ; 0            ; |MULT212251543|MULT:inst|Reg:inst3                                                                        ;              ;
;       |Reg:inst4|                            ; 0 (0)             ; 4 (4)        ; 0           ; 0            ; 0       ; 0         ; 0    ; 0            ; |MULT212251543|MULT:inst|Reg:inst4                                                                        ;              ;
;       |Reg:inst|                             ; 0 (0)             ; 4 (4)        ; 0           ; 0            ; 0       ; 0         ; 0    ; 0            ; |MULT212251543|MULT:inst|Reg:inst                                                                         ;              ;
;    |newlcd:inst1|                            ; 116 (0)           ; 60 (0)       ; 256         ; 0            ; 0       ; 0         ; 0    ; 0            ; |MULT212251543|newlcd:inst1                                                                               ;              ;
;       |LCD_Display:inst|                     ; 116 (116)         ; 60 (60)      ; 0           ; 0            ; 0       ; 0         ; 0    ; 0            ; |MULT212251543|newlcd:inst1|LCD_Display:inst                                                              ;              ;
;       |lpm_rom0:inst1|                       ; 0 (0)             ; 0 (0)        ; 256         ; 0            ; 0       ; 0         ; 0    ; 0            ; |MULT212251543|newlcd:inst1|lpm_rom0:inst1                                                                ;              ;
;          |altsyncram:altsyncram_component|   ; 0 (0)             ; 0 (0)        ; 256         ; 0            ; 0       ; 0         ; 0    ; 0            ; |MULT212251543|newlcd:inst1|lpm_rom0:inst1|altsyncram:altsyncram_component                                ;              ;
;             |altsyncram_7f71:auto_generated| ; 0 (0)             ; 0 (0)        ; 256         ; 0            ; 0       ; 0         ; 0    ; 0            ; |MULT212251543|newlcd:inst1|lpm_rom0:inst1|altsyncram:altsyncram_component|altsyncram_7f71:auto_generated ;              ;
+----------------------------------------------+-------------------+--------------+-------------+--------------+---------+-----------+------+--------------+-----------------------------------------------------------------------------------------------------------+--------------+
Note: For table entries with two numbers listed, the numbers in parentheses indicate the number of resources of the given type used by the specific entity alone. The numbers listed outside of parentheses indicate the total resources of the given type used by the specific entity and all of its sub-entities in the hierarchy.


+--------------------------------------------------------------------------------------------------------------------------------------------------------------------------------------------------+
; Analysis & Synthesis RAM Summary                                                                                                                                                                 ;
+-------------------------------------------------------------------------------------------------------+------+------+--------------+--------------+--------------+--------------+------+---------+
; Name                                                                                                  ; Type ; Mode ; Port A Depth ; Port A Width ; Port B Depth ; Port B Width ; Size ; MIF     ;
+-------------------------------------------------------------------------------------------------------+------+------+--------------+--------------+--------------+--------------+------+---------+
; newlcd:inst1|lpm_rom0:inst1|altsyncram:altsyncram_component|altsyncram_7f71:auto_generated|ALTSYNCRAM ; AUTO ; ROM  ; 32           ; 8            ; --           ; --           ; 256  ; ROM.hex ;
+-------------------------------------------------------------------------------------------------------+------+------+--------------+--------------+--------------+--------------+------+---------+


Encoding Type:  One-Hot
+----------------------------------------------------------------+
; State Machine - |MULT212251543|MULT:inst|CtrlLogic:inst6|state ;
+------------+------------+------------+-------------------------+
; Name       ; state.HOLD ; state.MULT ; state.LOAD              ;
+------------+------------+------------+-------------------------+
; state.LOAD ; 0          ; 0          ; 0                       ;
; state.MULT ; 0          ; 1          ; 1                       ;
; state.HOLD ; 1          ; 0          ; 1                       ;
+------------+------------+------------+-------------------------+


Encoding Type:  One-Hot
+----------------------------------------------------------------------------------------------------------------------------------------------------------------------------------------------------------------------------------------------------------------------------------------------------------------------------------------------------------+
; State Machine - |MULT212251543|newlcd:inst1|LCD_Display:inst|next_command                                                                                                                                                                                                                                                                                ;
+----------------------------+----------------------------+--------------------------+---------------------+-------------------+---------------------+-------------------------+--------------------------+--------------------+---------------------------+-----------------------+-------------------------+-----------------------+---------------------+
; Name                       ; next_command.DISPLAY_CLEAR ; next_command.DISPLAY_OFF ; next_command.RESET3 ; next_command.HOLD ; next_command.RESET1 ; next_command.DROP_LCD_E ; next_command.RETURN_HOME ; next_command.LINE2 ; next_command.Print_String ; next_command.MODE_SET ; next_command.DISPLAY_ON ; next_command.FUNC_SET ; next_command.RESET2 ;
+----------------------------+----------------------------+--------------------------+---------------------+-------------------+---------------------+-------------------------+--------------------------+--------------------+---------------------------+-----------------------+-------------------------+-----------------------+---------------------+
; next_command.RESET2        ; 0                          ; 0                        ; 0                   ; 0                 ; 0                   ; 0                       ; 0                        ; 0                  ; 0                         ; 0                     ; 0                       ; 0                     ; 0                   ;
; next_command.FUNC_SET      ; 0                          ; 0                        ; 0                   ; 0                 ; 0                   ; 0                       ; 0                        ; 0                  ; 0                         ; 0                     ; 0                       ; 1                     ; 1                   ;
; next_command.DISPLAY_ON    ; 0                          ; 0                        ; 0                   ; 0                 ; 0                   ; 0                       ; 0                        ; 0                  ; 0                         ; 0                     ; 1                       ; 0                     ; 1                   ;
; next_command.MODE_SET      ; 0                          ; 0                        ; 0                   ; 0                 ; 0                   ; 0                       ; 0                        ; 0                  ; 0                         ; 1                     ; 0                       ; 0                     ; 1                   ;
; next_command.Print_String  ; 0                          ; 0                        ; 0                   ; 0                 ; 0                   ; 0                       ; 0                        ; 0                  ; 1                         ; 0                     ; 0                       ; 0                     ; 1                   ;
; next_command.LINE2         ; 0                          ; 0                        ; 0                   ; 0                 ; 0                   ; 0                       ; 0                        ; 1                  ; 0                         ; 0                     ; 0                       ; 0                     ; 1                   ;
; next_command.RETURN_HOME   ; 0                          ; 0                        ; 0                   ; 0                 ; 0                   ; 0                       ; 1                        ; 0                  ; 0                         ; 0                     ; 0                       ; 0                     ; 1                   ;
; next_command.DROP_LCD_E    ; 0                          ; 0                        ; 0                   ; 0                 ; 0                   ; 1                       ; 0                        ; 0                  ; 0                         ; 0                     ; 0                       ; 0                     ; 1                   ;
; next_command.RESET1        ; 0                          ; 0                        ; 0                   ; 0                 ; 1                   ; 0                       ; 0                        ; 0                  ; 0                         ; 0                     ; 0                       ; 0                     ; 1                   ;
; next_command.HOLD          ; 0                          ; 0                        ; 0                   ; 1                 ; 0                   ; 0                       ; 0                        ; 0                  ; 0                         ; 0                     ; 0                       ; 0                     ; 1                   ;
; next_command.RESET3        ; 0                          ; 0                        ; 1                   ; 0                 ; 0                   ; 0                       ; 0                        ; 0                  ; 0                         ; 0                     ; 0                       ; 0                     ; 1                   ;
; next_command.DISPLAY_OFF   ; 0                          ; 1                        ; 0                   ; 0                 ; 0                   ; 0                       ; 0                        ; 0                  ; 0                         ; 0                     ; 0                       ; 0                     ; 1                   ;
; next_command.DISPLAY_CLEAR ; 1                          ; 0                        ; 0                   ; 0                 ; 0                   ; 0                       ; 0                        ; 0                  ; 0                         ; 0                     ; 0                       ; 0                     ; 1                   ;
+----------------------------+----------------------------+--------------------------+---------------------+-------------------+---------------------+-------------------------+--------------------------+--------------------+---------------------------+-----------------------+-------------------------+-----------------------+---------------------+


Encoding Type:  One-Hot
+--------------------------------------------------------------------------------------------------------------------------------------------------------------------------------------------------------------------------------------------------------+
; State Machine - |MULT212251543|newlcd:inst1|LCD_Display:inst|state                                                                                                                                                                                     ;
+---------------------+---------------------+-------------------+--------------+--------------+------------+------------------+-------------------+-------------+--------------------+----------------+------------------+----------------+--------------+
; Name                ; state.DISPLAY_CLEAR ; state.DISPLAY_OFF ; state.RESET3 ; state.RESET2 ; state.HOLD ; state.DROP_LCD_E ; state.RETURN_HOME ; state.LINE2 ; state.Print_String ; state.MODE_SET ; state.DISPLAY_ON ; state.FUNC_SET ; state.RESET1 ;
+---------------------+---------------------+-------------------+--------------+--------------+------------+------------------+-------------------+-------------+--------------------+----------------+------------------+----------------+--------------+
; state.RESET1        ; 0                   ; 0                 ; 0            ; 0            ; 0          ; 0                ; 0                 ; 0           ; 0                  ; 0              ; 0                ; 0              ; 0            ;
; state.FUNC_SET      ; 0                   ; 0                 ; 0            ; 0            ; 0          ; 0                ; 0                 ; 0           ; 0                  ; 0              ; 0                ; 1              ; 1            ;
; state.DISPLAY_ON    ; 0                   ; 0                 ; 0            ; 0            ; 0          ; 0                ; 0                 ; 0           ; 0                  ; 0              ; 1                ; 0              ; 1            ;
; state.MODE_SET      ; 0                   ; 0                 ; 0            ; 0            ; 0          ; 0                ; 0                 ; 0           ; 0                  ; 1              ; 0                ; 0              ; 1            ;
; state.Print_String  ; 0                   ; 0                 ; 0            ; 0            ; 0          ; 0                ; 0                 ; 0           ; 1                  ; 0              ; 0                ; 0              ; 1            ;
; state.LINE2         ; 0                   ; 0                 ; 0            ; 0            ; 0          ; 0                ; 0                 ; 1           ; 0                  ; 0              ; 0                ; 0              ; 1            ;
; state.RETURN_HOME   ; 0                   ; 0                 ; 0            ; 0            ; 0          ; 0                ; 1                 ; 0           ; 0                  ; 0              ; 0                ; 0              ; 1            ;
; state.DROP_LCD_E    ; 0                   ; 0                 ; 0            ; 0            ; 0          ; 1                ; 0                 ; 0           ; 0                  ; 0              ; 0                ; 0              ; 1            ;
; state.HOLD          ; 0                   ; 0                 ; 0            ; 0            ; 1          ; 0                ; 0                 ; 0           ; 0                  ; 0              ; 0                ; 0              ; 1            ;
; state.RESET2        ; 0                   ; 0                 ; 0            ; 1            ; 0          ; 0                ; 0                 ; 0           ; 0                  ; 0              ; 0                ; 0              ; 1            ;
; state.RESET3        ; 0                   ; 0                 ; 1            ; 0            ; 0          ; 0                ; 0                 ; 0           ; 0                  ; 0              ; 0                ; 0              ; 1            ;
; state.DISPLAY_OFF   ; 0                   ; 1                 ; 0            ; 0            ; 0          ; 0                ; 0                 ; 0           ; 0                  ; 0              ; 0                ; 0              ; 1            ;
; state.DISPLAY_CLEAR ; 1                   ; 0                 ; 0            ; 0            ; 0          ; 0                ; 0                 ; 0           ; 0                  ; 0              ; 0                ; 0              ; 1            ;
+---------------------+---------------------+-------------------+--------------+--------------+------------+------------------+-------------------+-------------+--------------------+----------------+------------------+----------------+--------------+


+------------------------------------------------------------------------------------------------+
; Registers Removed During Synthesis                                                             ;
+-------------------------------------------------------+----------------------------------------+
; Register name                                         ; Reason for Removal                     ;
+-------------------------------------------------------+----------------------------------------+
; newlcd:inst1|LCD_Display:inst|next_command.DROP_LCD_E ; Stuck at GND due to stuck port data_in ;
; newlcd:inst1|LCD_Display:inst|next_command.HOLD       ; Stuck at GND due to stuck port data_in ;
; newlcd:inst1|LCD_Display:inst|next_command.RESET1     ; Stuck at GND due to stuck port data_in ;
; Total Number of Removed Registers = 3                 ;                                        ;
+-------------------------------------------------------+----------------------------------------+


+------------------------------------------------------+
; General Register Statistics                          ;
+----------------------------------------------+-------+
; Statistic                                    ; Value ;
+----------------------------------------------+-------+
; Total registers                              ; 85    ;
; Number of registers using Synchronous Clear  ; 21    ;
; Number of registers using Synchronous Load   ; 0     ;
; Number of registers using Asynchronous Clear ; 58    ;
; Number of registers using Asynchronous Load  ; 0     ;
; Number of registers using Clock Enable       ; 26    ;
; Number of registers using Preset             ; 0     ;
+----------------------------------------------+-------+


+-----------------------------------------------------------+
; Inverted Register Statistics                              ;
+-------------------------------------------------+---------+
; Inverted Register                               ; Fan out ;
+-------------------------------------------------+---------+
; newlcd:inst1|LCD_Display:inst|LCD_E             ; 2       ;
; newlcd:inst1|LCD_Display:inst|LCD_RW_INT        ; 9       ;
; newlcd:inst1|LCD_Display:inst|DATA_BUS_VALUE[5] ; 1       ;
; newlcd:inst1|LCD_Display:inst|DATA_BUS_VALUE[4] ; 1       ;
; newlcd:inst1|LCD_Display:inst|DATA_BUS_VALUE[3] ; 2       ;
; Total number of inverted registers = 5          ;         ;
+-------------------------------------------------+---------+


+-------------------------------------------------------------------------------------------------------------------------------------------------------------------------------+
; Multiplexer Restructuring Statistics (Restructuring Performed)                                                                                                                ;
+--------------------+-----------+---------------+----------------------+------------------------+------------+-----------------------------------------------------------------+
; Multiplexer Inputs ; Bus Width ; Baseline Area ; Area if Restructured ; Saving if Restructured ; Registered ; Example Multiplexer Output                                      ;
+--------------------+-----------+---------------+----------------------+------------------------+------------+-----------------------------------------------------------------+
; 3:1                ; 20 bits   ; 40 LEs        ; 20 LEs               ; 20 LEs                 ; Yes        ; |MULT212251543|newlcd:inst1|LCD_Display:inst|CLK_COUNT_400HZ[8] ;
; 3:1                ; 4 bits    ; 8 LEs         ; 4 LEs                ; 4 LEs                  ; Yes        ; |MULT212251543|MULT:inst|Reg:inst1|F[3]                         ;
; 6:1                ; 4 bits    ; 16 LEs        ; 4 LEs                ; 12 LEs                 ; Yes        ; |MULT212251543|MULT:inst|CtrlLogic:inst6|count[1]               ;
; 5:1                ; 2 bits    ; 6 LEs         ; 6 LEs                ; 0 LEs                  ; Yes        ; |MULT212251543|newlcd:inst1|LCD_Display:inst|DATA_BUS_VALUE[5]  ;
; 33:1               ; 3 bits    ; 66 LEs        ; 15 LEs               ; 51 LEs                 ; No         ; |MULT212251543|newlcd:inst1|LCD_Display:inst|Next_Char[3]       ;
; 6:1                ; 3 bits    ; 12 LEs        ; 6 LEs                ; 6 LEs                  ; No         ; |MULT212251543|MULT:inst|CtrlLogic:inst6|Selector6              ;
+--------------------+-----------+---------------+----------------------+------------------------+------------+-----------------------------------------------------------------+


+-------------------------------------------------------------------------------------------------------------------+
; Source assignments for NewLCD:inst1|lpm_rom0:inst1|altsyncram:altsyncram_component|altsyncram_7f71:auto_generated ;
+---------------------------------+--------------------+------+-----------------------------------------------------+
; Assignment                      ; Value              ; From ; To                                                  ;
+---------------------------------+--------------------+------+-----------------------------------------------------+
; OPTIMIZE_POWER_DURING_SYNTHESIS ; NORMAL_COMPILATION ; -    ; -                                                   ;
+---------------------------------+--------------------+------+-----------------------------------------------------+


+----------------------------------------------------------------------------+
; Parameter Settings for User Entity Instance: NewLCD:inst1|LCD_Display:inst ;
+----------------+-------+---------------------------------------------------+
; Parameter Name ; Value ; Type                                              ;
+----------------+-------+---------------------------------------------------+
; num_hex_digits ; 4     ; Signed Integer                                    ;
+----------------+-------+---------------------------------------------------+
Note: In order to hide this table in the UI and the text report file, please set the "Show Parameter Settings Tables in Synthesis Report" option in "Analysis and Synthesis Settings -> More Settings" to "Off".


+----------------------------------------------------------------------------------------------------------+
; Parameter Settings for User Entity Instance: NewLCD:inst1|lpm_rom0:inst1|altsyncram:altsyncram_component ;
+------------------------------------+----------------------+----------------------------------------------+
; Parameter Name                     ; Value                ; Type                                         ;
+------------------------------------+----------------------+----------------------------------------------+
; BYTE_SIZE_BLOCK                    ; 8                    ; Untyped                                      ;
; AUTO_CARRY_CHAINS                  ; ON                   ; AUTO_CARRY                                   ;
; IGNORE_CARRY_BUFFERS               ; OFF                  ; IGNORE_CARRY                                 ;
; AUTO_CASCADE_CHAINS                ; ON                   ; AUTO_CASCADE                                 ;
; IGNORE_CASCADE_BUFFERS             ; OFF                  ; IGNORE_CASCADE                               ;
; WIDTH_BYTEENA                      ; 1                    ; Untyped                                      ;
; OPERATION_MODE                     ; ROM                  ; Untyped                                      ;
; WIDTH_A                            ; 8                    ; Signed Integer                               ;
; WIDTHAD_A                          ; 5                    ; Signed Integer                               ;
; NUMWORDS_A                         ; 32                   ; Signed Integer                               ;
; OUTDATA_REG_A                      ; UNREGISTERED         ; Untyped                                      ;
; ADDRESS_ACLR_A                     ; NONE                 ; Untyped                                      ;
; OUTDATA_ACLR_A                     ; NONE                 ; Untyped                                      ;
; WRCONTROL_ACLR_A                   ; NONE                 ; Untyped                                      ;
; INDATA_ACLR_A                      ; NONE                 ; Untyped                                      ;
; BYTEENA_ACLR_A                     ; NONE                 ; Untyped                                      ;
; WIDTH_B                            ; 1                    ; Untyped                                      ;
; WIDTHAD_B                          ; 1                    ; Untyped                                      ;
; NUMWORDS_B                         ; 1                    ; Untyped                                      ;
; INDATA_REG_B                       ; CLOCK1               ; Untyped                                      ;
; WRCONTROL_WRADDRESS_REG_B          ; CLOCK1               ; Untyped                                      ;
; RDCONTROL_REG_B                    ; CLOCK1               ; Untyped                                      ;
; ADDRESS_REG_B                      ; CLOCK1               ; Untyped                                      ;
; OUTDATA_REG_B                      ; UNREGISTERED         ; Untyped                                      ;
; BYTEENA_REG_B                      ; CLOCK1               ; Untyped                                      ;
; INDATA_ACLR_B                      ; NONE                 ; Untyped                                      ;
; WRCONTROL_ACLR_B                   ; NONE                 ; Untyped                                      ;
; ADDRESS_ACLR_B                     ; NONE                 ; Untyped                                      ;
; OUTDATA_ACLR_B                     ; NONE                 ; Untyped                                      ;
; RDCONTROL_ACLR_B                   ; NONE                 ; Untyped                                      ;
; BYTEENA_ACLR_B                     ; NONE                 ; Untyped                                      ;
; WIDTH_BYTEENA_A                    ; 1                    ; Signed Integer                               ;
; WIDTH_BYTEENA_B                    ; 1                    ; Untyped                                      ;
; RAM_BLOCK_TYPE                     ; AUTO                 ; Untyped                                      ;
; BYTE_SIZE                          ; 8                    ; Untyped                                      ;
; READ_DURING_WRITE_MODE_MIXED_PORTS ; DONT_CARE            ; Untyped                                      ;
; READ_DURING_WRITE_MODE_PORT_A      ; NEW_DATA_NO_NBE_READ ; Untyped                                      ;
; READ_DURING_WRITE_MODE_PORT_B      ; NEW_DATA_NO_NBE_READ ; Untyped                                      ;
; INIT_FILE                          ; ROM.hex              ; Untyped                                      ;
; INIT_FILE_LAYOUT                   ; PORT_A               ; Untyped                                      ;
; MAXIMUM_DEPTH                      ; 0                    ; Untyped                                      ;
; CLOCK_ENABLE_INPUT_A               ; BYPASS               ; Untyped                                      ;
; CLOCK_ENABLE_INPUT_B               ; NORMAL               ; Untyped                                      ;
; CLOCK_ENABLE_OUTPUT_A              ; BYPASS               ; Untyped                                      ;
; CLOCK_ENABLE_OUTPUT_B              ; NORMAL               ; Untyped                                      ;
; CLOCK_ENABLE_CORE_A                ; USE_INPUT_CLKEN      ; Untyped                                      ;
; CLOCK_ENABLE_CORE_B                ; USE_INPUT_CLKEN      ; Untyped                                      ;
; ENABLE_ECC                         ; FALSE                ; Untyped                                      ;
; DEVICE_FAMILY                      ; Cyclone II           ; Untyped                                      ;
; CBXI_PARAMETER                     ; altsyncram_7f71      ; Untyped                                      ;
+------------------------------------+----------------------+----------------------------------------------+
Note: In order to hide this table in the UI and the text report file, please set the "Show Parameter Settings Tables in Synthesis Report" option in "Analysis and Synthesis Settings -> More Settings" to "Off".


+-----------------------------------------------------------------+
; Parameter Settings for User Entity Instance: MULT:inst|Reg:inst ;
+----------------+-------+----------------------------------------+
; Parameter Name ; Value ; Type                                   ;
+----------------+-------+----------------------------------------+
; n              ; 4     ; Signed Integer                         ;
+----------------+-------+----------------------------------------+
Note: In order to hide this table in the UI and the text report file, please set the "Show Parameter Settings Tables in Synthesis Report" option in "Analysis and Synthesis Settings -> More Settings" to "Off".


+------------------------------------------------------------------------+
; Parameter Settings for User Entity Instance: MULT:inst|CtrlLogic:inst6 ;
+----------------+-------+-----------------------------------------------+
; Parameter Name ; Value ; Type                                          ;
+----------------+-------+-----------------------------------------------+
; n              ; 4     ; Signed Integer                                ;
+----------------+-------+-----------------------------------------------+
Note: In order to hide this table in the UI and the text report file, please set the "Show Parameter Settings Tables in Synthesis Report" option in "Analysis and Synthesis Settings -> More Settings" to "Off".


+------------------------------------------------------------------+
; Parameter Settings for User Entity Instance: MULT:inst|Reg:inst2 ;
+----------------+-------+-----------------------------------------+
; Parameter Name ; Value ; Type                                    ;
+----------------+-------+-----------------------------------------+
; n              ; 4     ; Signed Integer                          ;
+----------------+-------+-----------------------------------------+
Note: In order to hide this table in the UI and the text report file, please set the "Show Parameter Settings Tables in Synthesis Report" option in "Analysis and Synthesis Settings -> More Settings" to "Off".


+------------------------------------------------------------------+
; Parameter Settings for User Entity Instance: MULT:inst|Reg:inst3 ;
+----------------+-------+-----------------------------------------+
; Parameter Name ; Value ; Type                                    ;
+----------------+-------+-----------------------------------------+
; n              ; 1     ; Signed Integer                          ;
+----------------+-------+-----------------------------------------+
Note: In order to hide this table in the UI and the text report file, please set the "Show Parameter Settings Tables in Synthesis Report" option in "Analysis and Synthesis Settings -> More Settings" to "Off".


+--------------------------------------------------------------------+
; Parameter Settings for User Entity Instance: MULT:inst|Adder:inst5 ;
+----------------+-------+-------------------------------------------+
; Parameter Name ; Value ; Type                                      ;
+----------------+-------+-------------------------------------------+
; n              ; 4     ; Signed Integer                            ;
+----------------+-------+-------------------------------------------+
Note: In order to hide this table in the UI and the text report file, please set the "Show Parameter Settings Tables in Synthesis Report" option in "Analysis and Synthesis Settings -> More Settings" to "Off".


+------------------------------------------------------------------+
; Parameter Settings for User Entity Instance: MULT:inst|Reg:inst1 ;
+----------------+-------+-----------------------------------------+
; Parameter Name ; Value ; Type                                    ;
+----------------+-------+-----------------------------------------+
; n              ; 4     ; Signed Integer                          ;
+----------------+-------+-----------------------------------------+
Note: In order to hide this table in the UI and the text report file, please set the "Show Parameter Settings Tables in Synthesis Report" option in "Analysis and Synthesis Settings -> More Settings" to "Off".


+------------------------------------------------------------------+
; Parameter Settings for User Entity Instance: MULT:inst|Reg:inst4 ;
+----------------+-------+-----------------------------------------+
; Parameter Name ; Value ; Type                                    ;
+----------------+-------+-----------------------------------------+
; n              ; 4     ; Signed Integer                          ;
+----------------+-------+-----------------------------------------+
Note: In order to hide this table in the UI and the text report file, please set the "Show Parameter Settings Tables in Synthesis Report" option in "Analysis and Synthesis Settings -> More Settings" to "Off".


+---------------------------------------------------------------------------------------------------------+
; altsyncram Parameter Settings by Entity Instance                                                        ;
+-------------------------------------------+-------------------------------------------------------------+
; Name                                      ; Value                                                       ;
+-------------------------------------------+-------------------------------------------------------------+
; Number of entity instances                ; 1                                                           ;
; Entity Instance                           ; NewLCD:inst1|lpm_rom0:inst1|altsyncram:altsyncram_component ;
;     -- OPERATION_MODE                     ; ROM                                                         ;
;     -- WIDTH_A                            ; 8                                                           ;
;     -- NUMWORDS_A                         ; 32                                                          ;
;     -- OUTDATA_REG_A                      ; UNREGISTERED                                                ;
;     -- WIDTH_B                            ; 1                                                           ;
;     -- NUMWORDS_B                         ; 1                                                           ;
;     -- ADDRESS_REG_B                      ; CLOCK1                                                      ;
;     -- OUTDATA_REG_B                      ; UNREGISTERED                                                ;
;     -- RAM_BLOCK_TYPE                     ; AUTO                                                        ;
;     -- READ_DURING_WRITE_MODE_MIXED_PORTS ; DONT_CARE                                                   ;
+-------------------------------------------+-------------------------------------------------------------+


+-------------------------------+
; Analysis & Synthesis Messages ;
+-------------------------------+
Info: *******************************************************************
Info: Running Quartus II Analysis & Synthesis
    Info: Version 9.1 Build 350 03/24/2010 Service Pack 2 SJ Web Edition
    Info: Processing started: Mon May 21 17:00:54 2018
Info: Command: quartus_map --read_settings_files=on --write_settings_files=off Multiplier -c Multiplier
Info: Found 2 design units, including 1 entities, in source file reg.vhd
    Info: Found design unit 1: Reg-RTL
    Info: Found entity 1: Reg
Warning: Can't analyze file -- file REG.bdf is missing
Info: Found 1 design units, including 1 entities, in source file register.bdf
    Info: Found entity 1: REGISTER
Info: Found 2 design units, including 1 entities, in source file adder.vhd
    Info: Found design unit 1: Adder-RTL
    Info: Found entity 1: Adder
Info: Found 1 design units, including 1 entities, in source file adder4bit.bdf
    Info: Found entity 1: ADDER4BIT
Info: Found 2 design units, including 1 entities, in source file ctrllogic.vhd
    Info: Found design unit 1: CtrlLogic-RTL
    Info: Found entity 1: CtrlLogic
Info: Found 1 design units, including 1 entities, in source file controlunit.bdf
    Info: Found entity 1: CONTROLUNIT
Info: Found 2 design units, including 1 entities, in source file multiplier.vhd
    Info: Found design unit 1: Multiplier-RTL
    Info: Found entity 1: Multiplier
Info: Found 1 design units, including 1 entities, in source file multiplier1.bdf
    Info: Found entity 1: MULTIPLIER1
Info: Found 1 design units, including 1 entities, in source file mult.bdf
    Info: Found entity 1: MULT
Warning: Can't analyze file -- file MULT212.bdf is missing
Info: Found 1 design units, including 1 entities, in source file /Ηλεκτρονική και Τηλεπικοινωνίες/digital design ii/mult212.bdf
    Info: Found entity 1: MULT212
Info: Found 1 design units, including 1 entities, in source file mult212251543.bdf
    Info: Found entity 1: MULT212251543
Info: Elaborating entity "MULT212251543" for the top level hierarchy
Warning: Using design file c:/altera/91sp2/corelibrary/newlcd.bdf, which is not specified as a design file for the current project, but contains definitions for 1 design units and 1 entities in project
    Info: Found entity 1: newlcd
Info: Elaborating entity "NewLCD" for hierarchy "NewLCD:inst1"
Warning: Using design file c:/altera/91sp2/corelibrary/lcd_display.vhd, which is not specified as a design file for the current project, but contains definitions for 2 design units and 1 entities in project
    Info: Found design unit 1: LCD_Display-a
    Info: Found entity 1: LCD_Display
Info: Elaborating entity "LCD_Display" for hierarchy "NewLCD:inst1|LCD_Display:inst"
Warning: Using design file c:/altera/91sp2/corelibrary/lpm_rom0.vhd, which is not specified as a design file for the current project, but contains definitions for 2 design units and 1 entities in project
    Info: Found design unit 1: lpm_rom0-SYN
    Info: Found entity 1: lpm_rom0
Info: Elaborating entity "lpm_rom0" for hierarchy "NewLCD:inst1|lpm_rom0:inst1"
Info: Elaborating entity "altsyncram" for hierarchy "NewLCD:inst1|lpm_rom0:inst1|altsyncram:altsyncram_component"
Info: Elaborated megafunction instantiation "NewLCD:inst1|lpm_rom0:inst1|altsyncram:altsyncram_component"
Info: Instantiated megafunction "NewLCD:inst1|lpm_rom0:inst1|altsyncram:altsyncram_component" with the following parameter:
    Info: Parameter "clock_enable_input_a" = "BYPASS"
    Info: Parameter "clock_enable_output_a" = "BYPASS"
    Info: Parameter "init_file" = "ROM.hex"
    Info: Parameter "intended_device_family" = "Cyclone II"
    Info: Parameter "lpm_hint" = "ENABLE_RUNTIME_MOD=NO"
    Info: Parameter "lpm_type" = "altsyncram"
    Info: Parameter "numwords_a" = "32"
    Info: Parameter "operation_mode" = "ROM"
    Info: Parameter "outdata_aclr_a" = "NONE"
    Info: Parameter "outdata_reg_a" = "UNREGISTERED"
    Info: Parameter "widthad_a" = "5"
    Info: Parameter "width_a" = "8"
    Info: Parameter "width_byteena_a" = "1"
Info: Found 1 design units, including 1 entities, in source file db/altsyncram_7f71.tdf
    Info: Found entity 1: altsyncram_7f71
Info: Elaborating entity "altsyncram_7f71" for hierarchy "NewLCD:inst1|lpm_rom0:inst1|altsyncram:altsyncram_component|altsyncram_7f71:auto_generated"
Info: Elaborating entity "MULT" for hierarchy "MULT:inst"
Info: Elaborating entity "Reg" for hierarchy "MULT:inst|Reg:inst"
Info: Elaborating entity "CtrlLogic" for hierarchy "MULT:inst|CtrlLogic:inst6"
Info: Elaborating entity "Reg" for hierarchy "MULT:inst|Reg:inst3"
Warning (10445): VHDL Subtype or Type Declaration warning at Reg.vhd(22): subtype or type has null range
Info: Elaborating entity "Adder" for hierarchy "MULT:inst|Adder:inst5"
Info: Registers with preset signals will power-up high
Info: DEV_CLRn pin will set, and not reset, register with preset signal due to NOT Gate Push-Back
Warning: Output pins are stuck at VCC or GND
    Warning (13410): Pin "LCD_STATUS_OUT" is stuck at VCC
    Warning (13410): Pin "LCD_BL_STATUS_OUT" is stuck at VCC
Warning: Design contains 4 input pin(s) that do not drive logic
    Warning (15610): No output dependent on input pin "D_IN[0]"
    Warning (15610): No output dependent on input pin "D_IN[3]"
    Warning (15610): No output dependent on input pin "D_IN[2]"
    Warning (15610): No output dependent on input pin "D_IN[1]"
Info: Implemented 190 device resources after synthesis - the final resource count might be different
    Info: Implemented 8 input pins
    Info: Implemented 5 output pins
    Info: Implemented 8 bidirectional pins
    Info: Implemented 161 logic cells
    Info: Implemented 8 RAM segments
Info: Quartus II Analysis & Synthesis was successful. 0 errors, 14 warnings
    Info: Peak virtual memory: 244 megabytes
    Info: Processing ended: Mon May 21 17:01:00 2018
    Info: Elapsed time: 00:00:06
    Info: Total CPU time (on all processors): 00:00:07


